<?xml version="1.0" encoding="UTF-8"?>
<testsuites name="CAS Report" time="197.756" tests="5" failures="1" errors="0">
   <testsuite name="CAS Report" tests="5" failures="1" errors="0" time="197.756" skipped="0" timestamp="2023-07-04 16:13:31" hostname="j.rili - cmit-jrili.cmit.cardmri.local" id="Test Suites/CAS Report">
      <properties>
         <property name="deviceName" value=""/>
         <property name="devicePlatform" value=""/>
         <property name="logFolder" value="C:\\Users\\j.rili\\git\\CAS-NGO\\Reports\\20230704_161329\\CAS Report\\20230704_161329"/>
         <property name="logFiles" value="C:\\Users\\j.rili\\git\\CAS-NGO\\Reports\\20230704_161329\\CAS Report\\20230704_161329\\execution0.log"/>
         <property name="attachments" value="C:\\Users\\j.rili\\git\\CAS-NGO\\Reports\\20230704_161329\\CAS Report\\20230704_161329\\1688458449844.png, C:\\Users\\j.rili\\git\\CAS-NGO\\Reports\\20230704_161329\\CAS Report\\20230704_161329\\1688458450814.png, C:\\Users\\j.rili\\git\\CAS-NGO\\Reports\\20230704_161329\\CAS Report\\20230704_161329\\1688458470900.png, C:\\Users\\j.rili\\git\\CAS-NGO\\Reports\\20230704_161329\\CAS Report\\20230704_161329\\1688458471848.png"/>
         <property name="hostName" value="j.rili - cmit-jrili.cmit.cardmri.local"/>
         <property name="os" value="Windows 10 64bit"/>
         <property name="katalonVersion" value="8.6.5.208"/>
         <property name="browser" value="Chrome 114.0.0.0"/>
         <property name="hostAddress" value="10.200.54.66"/>
         <property name="sessionId" value="8096cb0034c7e142ae2827bf41968ad3"/>
         <property name="seleniumVersion" value="3.141.59"/>
         <property name="proxyInformation" value="ProxyInformation { proxyOption=NO_PROXY, proxyServerType=HTTP, username=, password=********, proxyServerAddress=, proxyServerPort=0, executionList=&quot;&quot;, isApplyToDesiredCapabilities=true }"/>
         <property name="platform" value="Windows 10"/>
      </properties>
      <testcase name="Test Cases/In and Out/Login" time="5.057" classname="Test Cases/In and Out/Login" status="PASSED">
         <system-out><![CDATA[2023-07-04 16:13:31 - [TEST_CASE][PASSED] - Test Cases/In and Out/Login: Test Cases/In and Out/Login

2023-07-04 16:13:32 - [TEST_STEP][PASSED] - openBrowser(""): Browser is opened with url: ''

2023-07-04 16:13:32 - [MESSAGE][INFO] - Starting 'Chrome' driver

2023-07-04 16:13:32 - [MESSAGE][INFO] - Action delay is set to 0 milliseconds

2023-07-04 16:13:34 - [MESSAGE][PASSED] - Browser is opened with url: ''

2023-07-04 16:13:34 - [TEST_STEP][PASSED] - navigateToUrl("https://castest.cardmri.com:8269/NGOFSReport/index.jsp"): Navigate to 'https://castest.cardmri.com:8269/NGOFSReport/index.jsp' successfully

2023-07-04 16:13:35 - [MESSAGE][PASSED] - Navigate to 'https://castest.cardmri.com:8269/NGOFSReport/index.jsp' successfully

2023-07-04 16:13:35 - [TEST_STEP][PASSED] - maximizeWindow(): Current window maximized

2023-07-04 16:13:35 - [MESSAGE][PASSED] - Current window maximized

2023-07-04 16:13:35 - [TEST_STEP][PASSED] - setText(findTestObject("Object Repository/Login/Page_CARD, Inc. Computerized Accounting System/input_Please Sign In_userName"), Username): Text 'jcrili' is set on object 'Object Repository/Login/Page_CARD, Inc. Computerized Accounting System/input_Please Sign In_userName'

2023-07-04 16:13:36 - [MESSAGE][PASSED] - Text 'jcrili' is set on object 'Object Repository/Login/Page_CARD, Inc. Computerized Accounting System/input_Please Sign In_userName'

2023-07-04 16:13:36 - [TEST_STEP][PASSED] - setEncryptedText(findTestObject("Object Repository/Login/Page_CARD, Inc. Computerized Accounting System/input_Please Sign In_passWord"), "MHSUC33hkPnBWRnjFBNCPA=="): Text ****** has been set on object 'Object Repository/Login/Page_CARD, Inc. Computerized Accounting System/input_Please Sign In_passWord'

2023-07-04 16:13:36 - [MESSAGE][PASSED] - Text ****** has been set on object 'Object Repository/Login/Page_CARD, Inc. Computerized Accounting System/input_Please Sign In_passWord'

2023-07-04 16:13:36 - [TEST_STEP][PASSED] - click(findTestObject("Object Repository/Login/Page_CARD, Inc. Computerized Accounting System/input_Please Sign In_loginButton")): Object: 'Object Repository/Login/Page_CARD, Inc. Computerized Accounting System/input_Please Sign In_loginButton' is clicked on

2023-07-04 16:13:37 - [MESSAGE][PASSED] - Object: 'Object Repository/Login/Page_CARD, Inc. Computerized Accounting System/input_Please Sign In_loginButton' is clicked on]]></system-out>
         <system-err><![CDATA[]]></system-err>
      </testcase>
      <testcase name="Test Cases/Book of Account/General Ledger" time="25.868" classname="Test Cases/Book of Account/General Ledger" status="PASSED">
         <system-out><![CDATA[2023-07-04 16:13:37 - [TEST_CASE][PASSED] - Test Cases/Book of Account/General Ledger: Test Cases/Book of Account/General Ledger

2023-07-04 16:13:37 - [TEST_STEP][PASSED] - click(findTestObject("Object Repository/General Ledger/Page_CARD, Inc. Computerized Accounting System/a_Reports")): Object: 'Object Repository/General Ledger/Page_CARD, Inc. Computerized Accounting System/a_Reports' is clicked on

2023-07-04 16:13:42 - [MESSAGE][PASSED] - Object: 'Object Repository/General Ledger/Page_CARD, Inc. Computerized Accounting System/a_Reports' is clicked on

2023-07-04 16:13:42 - [TEST_STEP][PASSED] - click(findTestObject("Object Repository/General Ledger/Page_CARD, Inc. Computerized Accounting System/a_Book of Accounts")): Object: 'Object Repository/General Ledger/Page_CARD, Inc. Computerized Accounting System/a_Book of Accounts' is clicked on

2023-07-04 16:13:43 - [MESSAGE][PASSED] - Object: 'Object Repository/General Ledger/Page_CARD, Inc. Computerized Accounting System/a_Book of Accounts' is clicked on

2023-07-04 16:13:43 - [TEST_STEP][PASSED] - click(findTestObject("Object Repository/General Ledger/Page_CARD, Inc. Computerized Accounting System/a_General Ledger")): Object: 'Object Repository/General Ledger/Page_CARD, Inc. Computerized Accounting System/a_General Ledger' is clicked on

2023-07-04 16:13:51 - [MESSAGE][PASSED] - Object: 'Object Repository/General Ledger/Page_CARD, Inc. Computerized Accounting System/a_General Ledger' is clicked on

2023-07-04 16:13:51 - [TEST_STEP][PASSED] - selectOptionByValue(findTestObject("Object Repository/General Ledger/Page_CARD, Inc. Computerized Accounting System/select_---Select Item---Per RegionPer AreaPer Unit"), "2", true): All options with value '2' are selected in object 'Object Repository/General Ledger/Page_CARD, Inc. Computerized Accounting System/select_---Select Item---Per RegionPer AreaPer Unit'  using regular expression

2023-07-04 16:13:52 - [MESSAGE][PASSED] - All options with value '2' are selected in object 'Object Repository/General Ledger/Page_CARD, Inc. Computerized Accounting System/select_---Select Item---Per RegionPer AreaPer Unit'  using regular expression

2023-07-04 16:13:52 - [TEST_STEP][PASSED] - selectOptionByValue(findTestObject("Object Repository/General Ledger/Page_CARD, Inc. Computerized Accounting System/select_---Select Item---Head OfficeLuzon 1L_eb6cd5"), "02", true): All options with value '02' are selected in object 'Object Repository/General Ledger/Page_CARD, Inc. Computerized Accounting System/select_---Select Item---Head OfficeLuzon 1L_eb6cd5'  using regular expression

2023-07-04 16:13:54 - [MESSAGE][PASSED] - All options with value '02' are selected in object 'Object Repository/General Ledger/Page_CARD, Inc. Computerized Accounting System/select_---Select Item---Head OfficeLuzon 1L_eb6cd5'  using regular expression

2023-07-04 16:13:54 - [TEST_STEP][PASSED] - selectOptionByValue(findTestObject("Object Repository/General Ledger/Page_CARD, Inc. Computerized Accounting System/select_---Select Item---La Union 1AbraIloco_046ef5"), "B6", true): All options with value 'B6' are selected in object 'Object Repository/General Ledger/Page_CARD, Inc. Computerized Accounting System/select_---Select Item---La Union 1AbraIloco_046ef5'  using regular expression

2023-07-04 16:13:55 - [MESSAGE][PASSED] - All options with value 'B6' are selected in object 'Object Repository/General Ledger/Page_CARD, Inc. Computerized Accounting System/select_---Select Item---La Union 1AbraIloco_046ef5'  using regular expression

2023-07-04 16:13:55 - [TEST_STEP][PASSED] - click(findTestObject("Object Repository/General Ledger/Page_CARD, Inc. Computerized Accounting System/input_End Date_btnPDF")): Object: 'Object Repository/General Ledger/Page_CARD, Inc. Computerized Accounting System/input_End Date_btnPDF' is clicked on

2023-07-04 16:13:56 - [MESSAGE][PASSED] - Object: 'Object Repository/General Ledger/Page_CARD, Inc. Computerized Accounting System/input_End Date_btnPDF' is clicked on

2023-07-04 16:13:56 - [TEST_STEP][PASSED] - click(findTestObject("Object Repository/General Ledger/Page_CARD, Inc. Computerized Accounting System/h1_General Ledger")): Object: 'Object Repository/General Ledger/Page_CARD, Inc. Computerized Accounting System/h1_General Ledger' is clicked on

2023-07-04 16:13:56 - [MESSAGE][PASSED] - Object: 'Object Repository/General Ledger/Page_CARD, Inc. Computerized Accounting System/h1_General Ledger' is clicked on

2023-07-04 16:13:56 - [TEST_STEP][PASSED] - click(findTestObject("Object Repository/General Ledger/Page_CARD, Inc. Computerized Accounting System/h1_General Ledger")): Object: 'Object Repository/General Ledger/Page_CARD, Inc. Computerized Accounting System/h1_General Ledger' is clicked on

2023-07-04 16:13:58 - [MESSAGE][PASSED] - Object: 'Object Repository/General Ledger/Page_CARD, Inc. Computerized Accounting System/h1_General Ledger' is clicked on

2023-07-04 16:13:58 - [TEST_STEP][PASSED] - click(findTestObject("Object Repository/General Ledger/Page_CARD, Inc. Computerized Accounting System/h1_General Ledger")): Object: 'Object Repository/General Ledger/Page_CARD, Inc. Computerized Accounting System/h1_General Ledger' is clicked on

2023-07-04 16:14:00 - [MESSAGE][PASSED] - Object: 'Object Repository/General Ledger/Page_CARD, Inc. Computerized Accounting System/h1_General Ledger' is clicked on

2023-07-04 16:14:00 - [TEST_STEP][PASSED] - click(findTestObject("Object Repository/General Ledger/Page_CARD, Inc. Computerized Accounting System/a_Welcome  RILI                        Admi_b75451")): Object: 'Object Repository/General Ledger/Page_CARD, Inc. Computerized Accounting System/a_Welcome  RILI                        Admi_b75451' is clicked on

2023-07-04 16:14:02 - [MESSAGE][PASSED] - Object: 'Object Repository/General Ledger/Page_CARD, Inc. Computerized Accounting System/a_Welcome  RILI                        Admi_b75451' is clicked on]]></system-out>
         <system-err><![CDATA[]]></system-err>
      </testcase>
      <testcase name="Test Cases/Book of Account/General Journal" time="13.438" classname="Test Cases/Book of Account/General Journal" status="PASSED">
         <system-out><![CDATA[2023-07-04 16:14:10 - [TEST_CASE][PASSED] - Test Cases/Book of Account/General Journal: Test Cases/Book of Account/General Journal

2023-07-04 16:14:10 - [TEST_STEP][PASSED] - click(findTestObject("Object Repository/General Journal/Page_CARD, Inc. Computerized Accounting System/a_Reports")): Object: 'Object Repository/General Journal/Page_CARD, Inc. Computerized Accounting System/a_Reports' is clicked on

2023-07-04 16:14:11 - [MESSAGE][PASSED] - Object: 'Object Repository/General Journal/Page_CARD, Inc. Computerized Accounting System/a_Reports' is clicked on

2023-07-04 16:14:11 - [TEST_STEP][PASSED] - click(findTestObject("Object Repository/General Journal/Page_CARD, Inc. Computerized Accounting System/a_Book of Accounts")): Object: 'Object Repository/General Journal/Page_CARD, Inc. Computerized Accounting System/a_Book of Accounts' is clicked on

2023-07-04 16:14:11 - [MESSAGE][PASSED] - Object: 'Object Repository/General Journal/Page_CARD, Inc. Computerized Accounting System/a_Book of Accounts' is clicked on

2023-07-04 16:14:11 - [TEST_STEP][PASSED] - click(findTestObject("Object Repository/General Journal/Page_CARD, Inc. Computerized Accounting System/a_General Journal")): Object: 'Object Repository/General Journal/Page_CARD, Inc. Computerized Accounting System/a_General Journal' is clicked on

2023-07-04 16:14:19 - [MESSAGE][PASSED] - Object: 'Object Repository/General Journal/Page_CARD, Inc. Computerized Accounting System/a_General Journal' is clicked on

2023-07-04 16:14:19 - [TEST_STEP][PASSED] - selectOptionByValue(findTestObject("Object Repository/General Journal/Page_CARD, Inc. Computerized Accounting System/select_---Select Item---Per RegionPer AreaPer Unit"), "2", true): All options with value '2' are selected in object 'Object Repository/General Journal/Page_CARD, Inc. Computerized Accounting System/select_---Select Item---Per RegionPer AreaPer Unit'  using regular expression

2023-07-04 16:14:20 - [MESSAGE][PASSED] - All options with value '2' are selected in object 'Object Repository/General Journal/Page_CARD, Inc. Computerized Accounting System/select_---Select Item---Per RegionPer AreaPer Unit'  using regular expression

2023-07-04 16:14:20 - [TEST_STEP][PASSED] - selectOptionByValue(findTestObject("Object Repository/General Journal/Page_CARD, Inc. Computerized Accounting System/select_---Select Item---Head OfficeLuzon 1L_eb6cd5"), "02", true): All options with value '02' are selected in object 'Object Repository/General Journal/Page_CARD, Inc. Computerized Accounting System/select_---Select Item---Head OfficeLuzon 1L_eb6cd5'  using regular expression

2023-07-04 16:14:22 - [MESSAGE][PASSED] - All options with value '02' are selected in object 'Object Repository/General Journal/Page_CARD, Inc. Computerized Accounting System/select_---Select Item---Head OfficeLuzon 1L_eb6cd5'  using regular expression

2023-07-04 16:14:22 - [TEST_STEP][PASSED] - selectOptionByValue(findTestObject("Object Repository/General Journal/Page_CARD, Inc. Computerized Accounting System/select_---Select Item---La Union 1AbraIloco_046ef5"), "B6", true): All options with value 'B6' are selected in object 'Object Repository/General Journal/Page_CARD, Inc. Computerized Accounting System/select_---Select Item---La Union 1AbraIloco_046ef5'  using regular expression

2023-07-04 16:14:23 - [MESSAGE][PASSED] - All options with value 'B6' are selected in object 'Object Repository/General Journal/Page_CARD, Inc. Computerized Accounting System/select_---Select Item---La Union 1AbraIloco_046ef5'  using regular expression

2023-07-04 16:14:23 - [TEST_STEP][PASSED] - click(findTestObject("Object Repository/General Journal/Page_CARD, Inc. Computerized Accounting System/input_End Date_btnPDF_GJournal")): Object: 'Object Repository/General Journal/Page_CARD, Inc. Computerized Accounting System/input_End Date_btnPDF_GJournal' is clicked on

2023-07-04 16:14:24 - [MESSAGE][PASSED] - Object: 'Object Repository/General Journal/Page_CARD, Inc. Computerized Accounting System/input_End Date_btnPDF_GJournal' is clicked on

2023-07-04 16:14:24 - [TEST_STEP][PASSED] - click(findTestObject("Object Repository/General Journal/Page_CARD, Inc. Computerized Accounting System/input_End Date_btnPDF_GJournal")): Object: 'Object Repository/General Journal/Page_CARD, Inc. Computerized Accounting System/input_End Date_btnPDF_GJournal' is clicked on

2023-07-04 16:14:24 - [MESSAGE][PASSED] - Object: 'Object Repository/General Journal/Page_CARD, Inc. Computerized Accounting System/input_End Date_btnPDF_GJournal' is clicked on]]></system-out>
         <system-err><![CDATA[]]></system-err>
      </testcase>
      <testcase name="Test Cases/Book of Account/Cash Receipt" time="133.924" classname="Test Cases/Book of Account/Cash Receipt" status="PASSED">
         <system-out><![CDATA[2023-07-04 16:14:32 - [TEST_CASE][PASSED] - Test Cases/Book of Account/Cash Receipt: Test Cases/Book of Account/Cash Receipt

2023-07-04 16:14:32 - [TEST_STEP][PASSED] - click(findTestObject("Object Repository/Cash Receipt/Page_CARD, Inc. Computerized Accounting System/a_Reports")): Object: 'Object Repository/Cash Receipt/Page_CARD, Inc. Computerized Accounting System/a_Reports' is clicked on

2023-07-04 16:14:32 - [MESSAGE][PASSED] - Object: 'Object Repository/Cash Receipt/Page_CARD, Inc. Computerized Accounting System/a_Reports' is clicked on

2023-07-04 16:14:32 - [TEST_STEP][PASSED] - click(findTestObject("Object Repository/Cash Receipt/Page_CARD, Inc. Computerized Accounting System/a_Book of Accounts")): Object: 'Object Repository/Cash Receipt/Page_CARD, Inc. Computerized Accounting System/a_Book of Accounts' is clicked on

2023-07-04 16:14:32 - [MESSAGE][PASSED] - Object: 'Object Repository/Cash Receipt/Page_CARD, Inc. Computerized Accounting System/a_Book of Accounts' is clicked on

2023-07-04 16:14:32 - [TEST_STEP][PASSED] - click(findTestObject("Object Repository/Cash Receipt/Page_CARD, Inc. Computerized Accounting System/a_Cash Receipts")): Object: 'Object Repository/Cash Receipt/Page_CARD, Inc. Computerized Accounting System/a_Cash Receipts' is clicked on

2023-07-04 16:14:40 - [MESSAGE][PASSED] - Object: 'Object Repository/Cash Receipt/Page_CARD, Inc. Computerized Accounting System/a_Cash Receipts' is clicked on

2023-07-04 16:14:40 - [TEST_STEP][PASSED] - selectOptionByValue(findTestObject("Object Repository/Cash Receipt/Page_CARD, Inc. Computerized Accounting System/select_---Select Item---Per RegionPer AreaPer Unit"), "2", true): All options with value '2' are selected in object 'Object Repository/Cash Receipt/Page_CARD, Inc. Computerized Accounting System/select_---Select Item---Per RegionPer AreaPer Unit'  using regular expression

2023-07-04 16:14:41 - [MESSAGE][PASSED] - All options with value '2' are selected in object 'Object Repository/Cash Receipt/Page_CARD, Inc. Computerized Accounting System/select_---Select Item---Per RegionPer AreaPer Unit'  using regular expression

2023-07-04 16:14:41 - [TEST_STEP][PASSED] - selectOptionByValue(findTestObject("Object Repository/Cash Receipt/Page_CARD, Inc. Computerized Accounting System/select_---Select Item---Head OfficeLuzon 1L_eb6cd5"), "02", true): All options with value '02' are selected in object 'Object Repository/Cash Receipt/Page_CARD, Inc. Computerized Accounting System/select_---Select Item---Head OfficeLuzon 1L_eb6cd5'  using regular expression

2023-07-04 16:16:31 - [MESSAGE][PASSED] - All options with value '02' are selected in object 'Object Repository/Cash Receipt/Page_CARD, Inc. Computerized Accounting System/select_---Select Item---Head OfficeLuzon 1L_eb6cd5'  using regular expression

2023-07-04 16:16:31 - [TEST_STEP][PASSED] - selectOptionByValue(findTestObject("Object Repository/Cash Receipt/Page_CARD, Inc. Computerized Accounting System/select_---Select Item---La Union 1AbraIloco_046ef5"), "B6", true): All options with value 'B6' are selected in object 'Object Repository/Cash Receipt/Page_CARD, Inc. Computerized Accounting System/select_---Select Item---La Union 1AbraIloco_046ef5'  using regular expression

2023-07-04 16:16:32 - [MESSAGE][PASSED] - All options with value 'B6' are selected in object 'Object Repository/Cash Receipt/Page_CARD, Inc. Computerized Accounting System/select_---Select Item---La Union 1AbraIloco_046ef5'  using regular expression

2023-07-04 16:16:32 - [TEST_STEP][PASSED] - delay(3): Delayed 3 second(s)

2023-07-04 16:16:35 - [MESSAGE][PASSED] - Delayed 3 second(s)

2023-07-04 16:16:35 - [TEST_STEP][PASSED] - click(findTestObject("Object Repository/Cash Receipt/Page_CARD, Inc. Computerized Accounting System/input_End Date_btnPDFCR")): Object: 'Object Repository/Cash Receipt/Page_CARD, Inc. Computerized Accounting System/input_End Date_btnPDFCR' is clicked on

2023-07-04 16:16:35 - [MESSAGE][PASSED] - Object: 'Object Repository/Cash Receipt/Page_CARD, Inc. Computerized Accounting System/input_End Date_btnPDFCR' is clicked on

2023-07-04 16:16:35 - [TEST_STEP][PASSED] - delay(10): Delayed 10 second(s)

2023-07-04 16:16:45 - [MESSAGE][PASSED] - Delayed 10 second(s)]]></system-out>
         <system-err><![CDATA[]]></system-err>
      </testcase>
      <testcase name="Test Cases/In and Out/Logout" time="0.19" classname="Test Cases/In and Out/Logout" status="FAILED">
         <failure type="FAILED" message="Test Cases/In and Out/Logout FAILED.
Reason:
com.kms.katalon.core.exception.StepFailedException: Unable to click on object 'Object Repository/Logout/Page_CARD, Inc. Computerized Accounting System/a_Welcome  RILI                        Admi_b75451'
	at com.kms.katalon.core.webui.keyword.internal.WebUIKeywordMain.stepFailed(WebUIKeywordMain.groovy:64)
	at com.kms.katalon.core.webui.keyword.internal.WebUIKeywordMain.runKeyword(WebUIKeywordMain.groovy:26)
	at com.kms.katalon.core.webui.keyword.builtin.ClickKeyword.click(ClickKeyword.groovy:74)
	at com.kms.katalon.core.webui.keyword.builtin.ClickKeyword.execute(ClickKeyword.groovy:40)
	at com.kms.katalon.core.keyword.internal.KeywordExecutor.executeKeywordForPlatform(KeywordExecutor.groovy:74)
	at com.kms.katalon.core.webui.keyword.WebUiBuiltInKeywords.click(WebUiBuiltInKeywords.groovy:620)
	at com.kms.katalon.core.webui.keyword.WebUiBuiltInKeywords$click$4.call(Unknown Source)
	at Logout.run(Logout:21)
	at com.kms.katalon.core.main.ScriptEngine.run(ScriptEngine.java:194)
	at com.kms.katalon.core.main.ScriptEngine.runScriptAsRawText(ScriptEngine.java:119)
	at com.kms.katalon.core.main.TestCaseExecutor.runScript(TestCaseExecutor.java:448)
	at com.kms.katalon.core.main.TestCaseExecutor.doExecute(TestCaseExecutor.java:439)
	at com.kms.katalon.core.main.TestCaseExecutor.processExecutionPhase(TestCaseExecutor.java:418)
	at com.kms.katalon.core.main.TestCaseExecutor.accessMainPhase(TestCaseExecutor.java:410)
	at com.kms.katalon.core.main.TestCaseExecutor.execute(TestCaseExecutor.java:285)
	at com.kms.katalon.core.main.TestCaseExecutor.execute(TestCaseExecutor.java:369)
	at com.kms.katalon.core.main.TestCaseExecutor.execute(TestCaseExecutor.java:369)
	at com.kms.katalon.core.main.TestCaseExecutor.execute(TestCaseExecutor.java:369)
	at com.kms.katalon.core.common.CommonExecutor.accessTestCaseMainPhase(CommonExecutor.java:65)
	at com.kms.katalon.core.main.TestSuiteExecutor.accessTestSuiteMainPhase(TestSuiteExecutor.java:148)
	at com.kms.katalon.core.main.TestSuiteExecutor.execute(TestSuiteExecutor.java:106)
	at com.kms.katalon.core.main.TestCaseMain.startTestSuite(TestCaseMain.java:187)
	at com.kms.katalon.core.main.TestCaseMain$startTestSuite$0.call(Unknown Source)
	at TempTestSuite1688458409201.run(TempTestSuite1688458409201.groovy:36)
Caused by: org.openqa.selenium.NoSuchWindowException: no such window: target window already closed
from unknown error: web view not found
  (Session info: chrome=114.0.5735.199)
Build info: version: '3.141.59', revision: 'e82be7d358', time: '2018-11-14T08:25:53'
System info: host: 'CMIT-JRILI', ip: '10.200.54.66', os.name: 'Windows 10', os.arch: 'amd64', os.version: '10.0', java.version: '1.8.0_362'
Driver info: com.kms.katalon.selenium.driver.CChromeDriver
Capabilities {acceptInsecureCerts: false, browserName: chrome, browserVersion: 114.0.5735.199, chrome: {chromedriverVersion: 113.0.5672.24 (65f30d4e8051..., userDataDir: C:\Users\J0DEC~1.RIL\AppDat...}, goog:chromeOptions: {debuggerAddress: localhost:63717}, javascriptEnabled: true, networkConnectionEnabled: false, pageLoadStrategy: normal, platform: WINDOWS, platformName: WINDOWS, proxy: Proxy(), setWindowRect: true, strictFileInteractability: false, timeouts: {implicit: 0, pageLoad: 300000, script: 30000}, unhandledPromptBehavior: dismiss and notify, webauthn:extension:credBlob: true, webauthn:extension:largeBlob: true, webauthn:extension:minPinLength: true, webauthn:extension:prf: true, webauthn:virtualAuthenticators: true}
Session ID: 8096cb0034c7e142ae2827bf41968ad3
*** Element info: {Using=xpath, value=//a[@id='WelcomeLabel']}
	at org.openqa.selenium.remote.http.W3CHttpResponseCodec.createException(W3CHttpResponseCodec.java:187)
	at org.openqa.selenium.remote.http.W3CHttpResponseCodec.decode(W3CHttpResponseCodec.java:122)
	at org.openqa.selenium.remote.http.W3CHttpResponseCodec.decode(W3CHttpResponseCodec.java:49)
	at org.openqa.selenium.remote.HttpCommandExecutor.execute(HttpCommandExecutor.java:158)
	at org.openqa.selenium.remote.service.DriverCommandExecutor.execute(DriverCommandExecutor.java:83)
	at org.openqa.selenium.remote.RemoteWebDriver.execute(RemoteWebDriver.java:552)
	at com.kms.katalon.selenium.driver.CChromeDriver.execute(CChromeDriver.java:19)
	at org.openqa.selenium.remote.RemoteWebDriver.findElements(RemoteWebDriver.java:353)
	at org.openqa.selenium.remote.RemoteWebDriver.findElementsByXPath(RemoteWebDriver.java:432)
	at org.openqa.selenium.By$ByXPath.findElements(By.java:348)
	at org.openqa.selenium.remote.RemoteWebDriver.findElements(RemoteWebDriver.java:311)
	at org.openqa.selenium.support.events.EventFiringWebDriver.lambda$new$1(EventFiringWebDriver.java:105)
	at com.sun.proxy.$Proxy10.findElements(Unknown Source)
	at org.openqa.selenium.support.events.EventFiringWebDriver.findElements(EventFiringWebDriver.java:182)
	at com.kms.katalon.core.webui.common.WebUiCommonHelper.findElementByNormalMethods(WebUiCommonHelper.java:1027)
	at com.kms.katalon.core.webui.common.WebUiCommonHelper.findElementsBySelectedMethod(WebUiCommonHelper.java:919)
	at com.kms.katalon.core.webui.common.WebUiCommonHelper.findElementsBySelectedMethod(WebUiCommonHelper.java:901)
	at com.kms.katalon.core.webui.common.WebUiCommonHelper.findElementsBySelectedMethod(WebUiCommonHelper.java:896)
	at com.kms.katalon.core.webui.common.WebUiCommonHelper.findElementsByDefault(WebUiCommonHelper.java:892)
	at com.kms.katalon.core.webui.common.WebUiCommonHelper.findElementsWithSelfHealing(WebUiCommonHelper.java:737)
	at com.kms.katalon.core.webui.common.WebUiCommonHelper.findWebElements(WebUiCommonHelper.java:718)
	at com.kms.katalon.core.webui.common.WebUiCommonHelper.findWebElement(WebUiCommonHelper.java:1376)
	at com.kms.katalon.core.webui.keyword.internal.WebUIAbstractKeyword.findWebElement(WebUIAbstractKeyword.groovy:27)
	at com.kms.katalon.core.webui.keyword.builtin.ClickKeyword$_click_closure1.doCall(ClickKeyword.groovy:65)
	at com.kms.katalon.core.webui.keyword.builtin.ClickKeyword$_click_closure1.call(ClickKeyword.groovy)
	at com.kms.katalon.core.webui.keyword.internal.WebUIKeywordMain.runKeyword(WebUIKeywordMain.groovy:20)
	... 22 more
"/>
         <system-out><![CDATA[2023-07-04 16:16:49 - [TEST_CASE][FAILED] - Test Cases/In and Out/Logout: Test Cases/In and Out/Logout FAILED.
Reason:
com.kms.katalon.core.exception.StepFailedException: Unable to click on object 'Object Repository/Logout/Page_CARD, Inc. Computerized Accounting System/a_Welcome  RILI                        Admi_b75451'
	at com.kms.katalon.core.webui.keyword.internal.WebUIKeywordMain.stepFailed(WebUIKeywordMain.groovy:64)
	at com.kms.katalon.core.webui.keyword.internal.WebUIKeywordMain.runKeyword(WebUIKeywordMain.groovy:26)
	at com.kms.katalon.core.webui.keyword.builtin.ClickKeyword.click(ClickKeyword.groovy:74)
	at com.kms.katalon.core.webui.keyword.builtin.ClickKeyword.execute(ClickKeyword.groovy:40)
	at com.kms.katalon.core.keyword.internal.KeywordExecutor.executeKeywordForPlatform(KeywordExecutor.groovy:74)
	at com.kms.katalon.core.webui.keyword.WebUiBuiltInKeywords.click(WebUiBuiltInKeywords.groovy:620)
	at com.kms.katalon.core.webui.keyword.WebUiBuiltInKeywords$click$4.call(Unknown Source)
	at Logout.run(Logout:21)
	at com.kms.katalon.core.main.ScriptEngine.run(ScriptEngine.java:194)
	at com.kms.katalon.core.main.ScriptEngine.runScriptAsRawText(ScriptEngine.java:119)
	at com.kms.katalon.core.main.TestCaseExecutor.runScript(TestCaseExecutor.java:448)
	at com.kms.katalon.core.main.TestCaseExecutor.doExecute(TestCaseExecutor.java:439)
	at com.kms.katalon.core.main.TestCaseExecutor.processExecutionPhase(TestCaseExecutor.java:418)
	at com.kms.katalon.core.main.TestCaseExecutor.accessMainPhase(TestCaseExecutor.java:410)
	at com.kms.katalon.core.main.TestCaseExecutor.execute(TestCaseExecutor.java:285)
	at com.kms.katalon.core.main.TestCaseExecutor.execute(TestCaseExecutor.java:369)
	at com.kms.katalon.core.main.TestCaseExecutor.execute(TestCaseExecutor.java:369)
	at com.kms.katalon.core.main.TestCaseExecutor.execute(TestCaseExecutor.java:369)
	at com.kms.katalon.core.common.CommonExecutor.accessTestCaseMainPhase(CommonExecutor.java:65)
	at com.kms.katalon.core.main.TestSuiteExecutor.accessTestSuiteMainPhase(TestSuiteExecutor.java:148)
	at com.kms.katalon.core.main.TestSuiteExecutor.execute(TestSuiteExecutor.java:106)
	at com.kms.katalon.core.main.TestCaseMain.startTestSuite(TestCaseMain.java:187)
	at com.kms.katalon.core.main.TestCaseMain$startTestSuite$0.call(Unknown Source)
	at TempTestSuite1688458409201.run(TempTestSuite1688458409201.groovy:36)
Caused by: org.openqa.selenium.NoSuchWindowException: no such window: target window already closed
from unknown error: web view not found
  (Session info: chrome=114.0.5735.199)
Build info: version: '3.141.59', revision: 'e82be7d358', time: '2018-11-14T08:25:53'
System info: host: 'CMIT-JRILI', ip: '10.200.54.66', os.name: 'Windows 10', os.arch: 'amd64', os.version: '10.0', java.version: '1.8.0_362'
Driver info: com.kms.katalon.selenium.driver.CChromeDriver
Capabilities {acceptInsecureCerts: false, browserName: chrome, browserVersion: 114.0.5735.199, chrome: {chromedriverVersion: 113.0.5672.24 (65f30d4e8051..., userDataDir: C:\Users\J0DEC~1.RIL\AppDat...}, goog:chromeOptions: {debuggerAddress: localhost:63717}, javascriptEnabled: true, networkConnectionEnabled: false, pageLoadStrategy: normal, platform: WINDOWS, platformName: WINDOWS, proxy: Proxy(), setWindowRect: true, strictFileInteractability: false, timeouts: {implicit: 0, pageLoad: 300000, script: 30000}, unhandledPromptBehavior: dismiss and notify, webauthn:extension:credBlob: true, webauthn:extension:largeBlob: true, webauthn:extension:minPinLength: true, webauthn:extension:prf: true, webauthn:virtualAuthenticators: true}
Session ID: 8096cb0034c7e142ae2827bf41968ad3
*** Element info: {Using=xpath, value=//a[@id='WelcomeLabel']}
	at org.openqa.selenium.remote.http.W3CHttpResponseCodec.createException(W3CHttpResponseCodec.java:187)
	at org.openqa.selenium.remote.http.W3CHttpResponseCodec.decode(W3CHttpResponseCodec.java:122)
	at org.openqa.selenium.remote.http.W3CHttpResponseCodec.decode(W3CHttpResponseCodec.java:49)
	at org.openqa.selenium.remote.HttpCommandExecutor.execute(HttpCommandExecutor.java:158)
	at org.openqa.selenium.remote.service.DriverCommandExecutor.execute(DriverCommandExecutor.java:83)
	at org.openqa.selenium.remote.RemoteWebDriver.execute(RemoteWebDriver.java:552)
	at com.kms.katalon.selenium.driver.CChromeDriver.execute(CChromeDriver.java:19)
	at org.openqa.selenium.remote.RemoteWebDriver.findElements(RemoteWebDriver.java:353)
	at org.openqa.selenium.remote.RemoteWebDriver.findElementsByXPath(RemoteWebDriver.java:432)
	at org.openqa.selenium.By$ByXPath.findElements(By.java:348)
	at org.openqa.selenium.remote.RemoteWebDriver.findElements(RemoteWebDriver.java:311)
	at org.openqa.selenium.support.events.EventFiringWebDriver.lambda$new$1(EventFiringWebDriver.java:105)
	at com.sun.proxy.$Proxy10.findElements(Unknown Source)
	at org.openqa.selenium.support.events.EventFiringWebDriver.findElements(EventFiringWebDriver.java:182)
	at com.kms.katalon.core.webui.common.WebUiCommonHelper.findElementByNormalMethods(WebUiCommonHelper.java:1027)
	at com.kms.katalon.core.webui.common.WebUiCommonHelper.findElementsBySelectedMethod(WebUiCommonHelper.java:919)
	at com.kms.katalon.core.webui.common.WebUiCommonHelper.findElementsBySelectedMethod(WebUiCommonHelper.java:901)
	at com.kms.katalon.core.webui.common.WebUiCommonHelper.findElementsBySelectedMethod(WebUiCommonHelper.java:896)
	at com.kms.katalon.core.webui.common.WebUiCommonHelper.findElementsByDefault(WebUiCommonHelper.java:892)
	at com.kms.katalon.core.webui.common.WebUiCommonHelper.findElementsWithSelfHealing(WebUiCommonHelper.java:737)
	at com.kms.katalon.core.webui.common.WebUiCommonHelper.findWebElements(WebUiCommonHelper.java:718)
	at com.kms.katalon.core.webui.common.WebUiCommonHelper.findWebElement(WebUiCommonHelper.java:1376)
	at com.kms.katalon.core.webui.keyword.internal.WebUIAbstractKeyword.findWebElement(WebUIAbstractKeyword.groovy:27)
	at com.kms.katalon.core.webui.keyword.builtin.ClickKeyword$_click_closure1.doCall(ClickKeyword.groovy:65)
	at com.kms.katalon.core.webui.keyword.builtin.ClickKeyword$_click_closure1.call(ClickKeyword.groovy)
	at com.kms.katalon.core.webui.keyword.internal.WebUIKeywordMain.runKeyword(WebUIKeywordMain.groovy:20)
	... 22 more


2023-07-04 16:16:49 - [TEST_STEP][FAILED] - click(findTestObject("Object Repository/Logout/Page_CARD, Inc. Computerized Accounting System/a_Welcome  RILI                        Admi_b75451")): Unable to click on object 'Object Repository/Logout/Page_CARD, Inc. Computerized Accounting System/a_Welcome  RILI                        Admi_b75451' (Root cause: com.kms.katalon.core.exception.StepFailedException: Unable to click on object 'Object Repository/Logout/Page_CARD, Inc. Computerized Accounting System/a_Welcome  RILI                        Admi_b75451'
	at com.kms.katalon.core.webui.keyword.internal.WebUIKeywordMain.stepFailed(WebUIKeywordMain.groovy:64)
	at com.kms.katalon.core.webui.keyword.internal.WebUIKeywordMain.runKeyword(WebUIKeywordMain.groovy:26)
	at com.kms.katalon.core.webui.keyword.builtin.ClickKeyword.click(ClickKeyword.groovy:74)
	at com.kms.katalon.core.webui.keyword.builtin.ClickKeyword.execute(ClickKeyword.groovy:40)
	at com.kms.katalon.core.keyword.internal.KeywordExecutor.executeKeywordForPlatform(KeywordExecutor.groovy:74)
	at com.kms.katalon.core.webui.keyword.WebUiBuiltInKeywords.click(WebUiBuiltInKeywords.groovy:620)
	at com.kms.katalon.core.webui.keyword.WebUiBuiltInKeywords$click$4.call(Unknown Source)
	at Logout.run(Logout:21)
	at com.kms.katalon.core.main.ScriptEngine.run(ScriptEngine.java:194)
	at com.kms.katalon.core.main.ScriptEngine.runScriptAsRawText(ScriptEngine.java:119)
	at com.kms.katalon.core.main.TestCaseExecutor.runScript(TestCaseExecutor.java:448)
	at com.kms.katalon.core.main.TestCaseExecutor.doExecute(TestCaseExecutor.java:439)
	at com.kms.katalon.core.main.TestCaseExecutor.processExecutionPhase(TestCaseExecutor.java:418)
	at com.kms.katalon.core.main.TestCaseExecutor.accessMainPhase(TestCaseExecutor.java:410)
	at com.kms.katalon.core.main.TestCaseExecutor.execute(TestCaseExecutor.java:285)
	at com.kms.katalon.core.main.TestCaseExecutor.execute(TestCaseExecutor.java:369)
	at com.kms.katalon.core.main.TestCaseExecutor.execute(TestCaseExecutor.java:369)
	at com.kms.katalon.core.main.TestCaseExecutor.execute(TestCaseExecutor.java:369)
	at com.kms.katalon.core.common.CommonExecutor.accessTestCaseMainPhase(CommonExecutor.java:65)
	at com.kms.katalon.core.main.TestSuiteExecutor.accessTestSuiteMainPhase(TestSuiteExecutor.java:148)
	at com.kms.katalon.core.main.TestSuiteExecutor.execute(TestSuiteExecutor.java:106)
	at com.kms.katalon.core.main.TestCaseMain.startTestSuite(TestCaseMain.java:187)
	at com.kms.katalon.core.main.TestCaseMain$startTestSuite$0.call(Unknown Source)
	at TempTestSuite1688458409201.run(TempTestSuite1688458409201.groovy:36)
Caused by: org.openqa.selenium.NoSuchWindowException: no such window: target window already closed
from unknown error: web view not found
  (Session info: chrome=114.0.5735.199)
Build info: version: '3.141.59', revision: 'e82be7d358', time: '2018-11-14T08:25:53'
System info: host: 'CMIT-JRILI', ip: '10.200.54.66', os.name: 'Windows 10', os.arch: 'amd64', os.version: '10.0', java.version: '1.8.0_362'
Driver info: com.kms.katalon.selenium.driver.CChromeDriver
Capabilities {acceptInsecureCerts: false, browserName: chrome, browserVersion: 114.0.5735.199, chrome: {chromedriverVersion: 113.0.5672.24 (65f30d4e8051..., userDataDir: C:\Users\J0DEC~1.RIL\AppDat...}, goog:chromeOptions: {debuggerAddress: localhost:63717}, javascriptEnabled: true, networkConnectionEnabled: false, pageLoadStrategy: normal, platform: WINDOWS, platformName: WINDOWS, proxy: Proxy(), setWindowRect: true, strictFileInteractability: false, timeouts: {implicit: 0, pageLoad: 300000, script: 30000}, unhandledPromptBehavior: dismiss and notify, webauthn:extension:credBlob: true, webauthn:extension:largeBlob: true, webauthn:extension:minPinLength: true, webauthn:extension:prf: true, webauthn:virtualAuthenticators: true}
Session ID: 8096cb0034c7e142ae2827bf41968ad3
*** Element info: {Using=xpath, value=//a[@id='WelcomeLabel']}
	at org.openqa.selenium.remote.http.W3CHttpResponseCodec.createException(W3CHttpResponseCodec.java:187)
	at org.openqa.selenium.remote.http.W3CHttpResponseCodec.decode(W3CHttpResponseCodec.java:122)
	at org.openqa.selenium.remote.http.W3CHttpResponseCodec.decode(W3CHttpResponseCodec.java:49)
	at org.openqa.selenium.remote.HttpCommandExecutor.execute(HttpCommandExecutor.java:158)
	at org.openqa.selenium.remote.service.DriverCommandExecutor.execute(DriverCommandExecutor.java:83)
	at org.openqa.selenium.remote.RemoteWebDriver.execute(RemoteWebDriver.java:552)
	at com.kms.katalon.selenium.driver.CChromeDriver.execute(CChromeDriver.java:19)
	at org.openqa.selenium.remote.RemoteWebDriver.findElements(RemoteWebDriver.java:353)
	at org.openqa.selenium.remote.RemoteWebDriver.findElementsByXPath(RemoteWebDriver.java:432)
	at org.openqa.selenium.By$ByXPath.findElements(By.java:348)
	at org.openqa.selenium.remote.RemoteWebDriver.findElements(RemoteWebDriver.java:311)
	at org.openqa.selenium.support.events.EventFiringWebDriver.lambda$new$1(EventFiringWebDriver.java:105)
	at com.sun.proxy.$Proxy10.findElements(Unknown Source)
	at org.openqa.selenium.support.events.EventFiringWebDriver.findElements(EventFiringWebDriver.java:182)
	at com.kms.katalon.core.webui.common.WebUiCommonHelper.findElementByNormalMethods(WebUiCommonHelper.java:1027)
	at com.kms.katalon.core.webui.common.WebUiCommonHelper.findElementsBySelectedMethod(WebUiCommonHelper.java:919)
	at com.kms.katalon.core.webui.common.WebUiCommonHelper.findElementsBySelectedMethod(WebUiCommonHelper.java:901)
	at com.kms.katalon.core.webui.common.WebUiCommonHelper.findElementsBySelectedMethod(WebUiCommonHelper.java:896)
	at com.kms.katalon.core.webui.common.WebUiCommonHelper.findElementsByDefault(WebUiCommonHelper.java:892)
	at com.kms.katalon.core.webui.common.WebUiCommonHelper.findElementsWithSelfHealing(WebUiCommonHelper.java:737)
	at com.kms.katalon.core.webui.common.WebUiCommonHelper.findWebElements(WebUiCommonHelper.java:718)
	at com.kms.katalon.core.webui.common.WebUiCommonHelper.findWebElement(WebUiCommonHelper.java:1376)
	at com.kms.katalon.core.webui.keyword.internal.WebUIAbstractKeyword.findWebElement(WebUIAbstractKeyword.groovy:27)
	at com.kms.katalon.core.webui.keyword.builtin.ClickKeyword$_click_closure1.doCall(ClickKeyword.groovy:65)
	at com.kms.katalon.core.webui.keyword.builtin.ClickKeyword$_click_closure1.call(ClickKeyword.groovy)
	at com.kms.katalon.core.webui.keyword.internal.WebUIKeywordMain.runKeyword(WebUIKeywordMain.groovy:20)
	at com.kms.katalon.core.webui.keyword.builtin.ClickKeyword.click(ClickKeyword.groovy:74)
	at com.kms.katalon.core.webui.keyword.builtin.ClickKeyword.execute(ClickKeyword.groovy:40)
	at com.kms.katalon.core.keyword.internal.KeywordExecutor.executeKeywordForPlatform(KeywordExecutor.groovy:74)
	at com.kms.katalon.core.webui.keyword.WebUiBuiltInKeywords.click(WebUiBuiltInKeywords.groovy:620)
	at com.kms.katalon.core.webui.keyword.WebUiBuiltInKeywords$click$4.call(Unknown Source)
	at Script1688447477753.run(Script1688447477753.groovy:21)
	... 16 more
)

2023-07-04 16:16:49 - [MESSAGE][WARNING] - [SELF-HEALING] Failed to find element with id 'Object Repository/Logout/Page_CARD, Inc. Computerized Accounting System/a_Welcome  RILI                        Admi_b75451'. Try using Self-healing.

2023-07-04 16:16:49 - [MESSAGE][WARNING] - [SELF-HEALING] no such window: target window already closed
from unknown error: web view not found
  (Session info: chrome=114.0.5735.199)
Build info: version: '3.141.59', revision: 'e82be7d358', time: '2018-11-14T08:25:53'
System info: host: 'CMIT-JRILI', ip: '10.200.54.66', os.name: 'Windows 10', os.arch: 'amd64', os.version: '10.0', java.version: '1.8.0_362'
Driver info: com.kms.katalon.selenium.driver.CChromeDriver
Capabilities {acceptInsecureCerts: false, browserName: chrome, browserVersion: 114.0.5735.199, chrome: {chromedriverVersion: 113.0.5672.24 (65f30d4e8051..., userDataDir: C:\Users\J0DEC~1.RIL\AppDat...}, goog:chromeOptions: {debuggerAddress: localhost:63717}, javascriptEnabled: true, networkConnectionEnabled: false, pageLoadStrategy: normal, platform: WINDOWS, platformName: WINDOWS, proxy: Proxy(), setWindowRect: true, strictFileInteractability: false, timeouts: {implicit: 0, pageLoad: 300000, script: 30000}, unhandledPromptBehavior: dismiss and notify, webauthn:extension:credBlob: true, webauthn:extension:largeBlob: true, webauthn:extension:minPinLength: true, webauthn:extension:prf: true, webauthn:virtualAuthenticators: true}
Session ID: 8096cb0034c7e142ae2827bf41968ad3
*** Element info: {Using=xpath, value=//a[@id='WelcomeLabel']}

2023-07-04 16:16:49 - [MESSAGE][WARNING] - [SELF-HEALING] no such window: target window already closed
from unknown error: web view not found
  (Session info: chrome=114.0.5735.199)
Build info: version: '3.141.59', revision: 'e82be7d358', time: '2018-11-14T08:25:53'
System info: host: 'CMIT-JRILI', ip: '10.200.54.66', os.name: 'Windows 10', os.arch: 'amd64', os.version: '10.0', java.version: '1.8.0_362'
Driver info: com.kms.katalon.selenium.driver.CChromeDriver
Capabilities {acceptInsecureCerts: false, browserName: chrome, browserVersion: 114.0.5735.199, chrome: {chromedriverVersion: 113.0.5672.24 (65f30d4e8051..., userDataDir: C:\Users\J0DEC~1.RIL\AppDat...}, goog:chromeOptions: {debuggerAddress: localhost:63717}, javascriptEnabled: true, networkConnectionEnabled: false, pageLoadStrategy: normal, platform: WINDOWS, platformName: WINDOWS, proxy: Proxy(), setWindowRect: true, strictFileInteractability: false, timeouts: {implicit: 0, pageLoad: 300000, script: 30000}, unhandledPromptBehavior: dismiss and notify, webauthn:extension:credBlob: true, webauthn:extension:largeBlob: true, webauthn:extension:minPinLength: true, webauthn:extension:prf: true, webauthn:virtualAuthenticators: true}
Session ID: 8096cb0034c7e142ae2827bf41968ad3
*** Element info: {Using=xpath, value=//*[@href = 'javascript:void(0)' and @id = 'WelcomeLabel' and (text() = '

					Welcome  RILI                        Admin   					               		HEAD OFFICE					               		System Date: 2023-05-10 Status: Open' or . = '

					Welcome  RILI                        Admin   					               		HEAD OFFICE					               		System Date: 2023-05-10 Status: Open')]}

2023-07-04 16:16:49 - [MESSAGE][WARNING] - [SELF-HEALING] no such window: target window already closed
from unknown error: web view not found
  (Session info: chrome=114.0.5735.199)
Build info: version: '3.141.59', revision: 'e82be7d358', time: '2018-11-14T08:25:53'
System info: host: 'CMIT-JRILI', ip: '10.200.54.66', os.name: 'Windows 10', os.arch: 'amd64', os.version: '10.0', java.version: '1.8.0_362'
Driver info: com.kms.katalon.selenium.driver.CChromeDriver
Capabilities {acceptInsecureCerts: false, browserName: chrome, browserVersion: 114.0.5735.199, chrome: {chromedriverVersion: 113.0.5672.24 (65f30d4e8051..., userDataDir: C:\Users\J0DEC~1.RIL\AppDat...}, goog:chromeOptions: {debuggerAddress: localhost:63717}, javascriptEnabled: true, networkConnectionEnabled: false, pageLoadStrategy: normal, platform: WINDOWS, platformName: WINDOWS, proxy: Proxy(), setWindowRect: true, strictFileInteractability: false, timeouts: {implicit: 0, pageLoad: 300000, script: 30000}, unhandledPromptBehavior: dismiss and notify, webauthn:extension:credBlob: true, webauthn:extension:largeBlob: true, webauthn:extension:minPinLength: true, webauthn:extension:prf: true, webauthn:virtualAuthenticators: true}
Session ID: 8096cb0034c7e142ae2827bf41968ad3
*** Element info: {Using=css selector, value=#WelcomeLabel}

2023-07-04 16:16:49 - [MESSAGE][WARNING] - Cannot take screenshot

2023-07-04 16:16:49 - [MESSAGE][FAILED] - Unable to click on object 'Object Repository/Logout/Page_CARD, Inc. Computerized Accounting System/a_Welcome  RILI                        Admi_b75451' (Root cause: com.kms.katalon.core.exception.StepFailedException: Unable to click on object 'Object Repository/Logout/Page_CARD, Inc. Computerized Accounting System/a_Welcome  RILI                        Admi_b75451'
	at com.kms.katalon.core.webui.keyword.internal.WebUIKeywordMain.stepFailed(WebUIKeywordMain.groovy:64)
	at com.kms.katalon.core.webui.keyword.internal.WebUIKeywordMain.runKeyword(WebUIKeywordMain.groovy:26)
	at com.kms.katalon.core.webui.keyword.builtin.ClickKeyword.click(ClickKeyword.groovy:74)
	at com.kms.katalon.core.webui.keyword.builtin.ClickKeyword.execute(ClickKeyword.groovy:40)
	at com.kms.katalon.core.keyword.internal.KeywordExecutor.executeKeywordForPlatform(KeywordExecutor.groovy:74)
	at com.kms.katalon.core.webui.keyword.WebUiBuiltInKeywords.click(WebUiBuiltInKeywords.groovy:620)
	at com.kms.katalon.core.webui.keyword.WebUiBuiltInKeywords$click$4.call(Unknown Source)
	at Logout.run(Logout:21)
	at com.kms.katalon.core.main.ScriptEngine.run(ScriptEngine.java:194)
	at com.kms.katalon.core.main.ScriptEngine.runScriptAsRawText(ScriptEngine.java:119)
	at com.kms.katalon.core.main.TestCaseExecutor.runScript(TestCaseExecutor.java:448)
	at com.kms.katalon.core.main.TestCaseExecutor.doExecute(TestCaseExecutor.java:439)
	at com.kms.katalon.core.main.TestCaseExecutor.processExecutionPhase(TestCaseExecutor.java:418)
	at com.kms.katalon.core.main.TestCaseExecutor.accessMainPhase(TestCaseExecutor.java:410)
	at com.kms.katalon.core.main.TestCaseExecutor.execute(TestCaseExecutor.java:285)
	at com.kms.katalon.core.main.TestCaseExecutor.execute(TestCaseExecutor.java:369)
	at com.kms.katalon.core.main.TestCaseExecutor.execute(TestCaseExecutor.java:369)
	at com.kms.katalon.core.main.TestCaseExecutor.execute(TestCaseExecutor.java:369)
	at com.kms.katalon.core.common.CommonExecutor.accessTestCaseMainPhase(CommonExecutor.java:65)
	at com.kms.katalon.core.main.TestSuiteExecutor.accessTestSuiteMainPhase(TestSuiteExecutor.java:148)
	at com.kms.katalon.core.main.TestSuiteExecutor.execute(TestSuiteExecutor.java:106)
	at com.kms.katalon.core.main.TestCaseMain.startTestSuite(TestCaseMain.java:187)
	at com.kms.katalon.core.main.TestCaseMain$startTestSuite$0.call(Unknown Source)
	at TempTestSuite1688458409201.run(TempTestSuite1688458409201.groovy:36)
Caused by: org.openqa.selenium.NoSuchWindowException: no such window: target window already closed
from unknown error: web view not found
  (Session info: chrome=114.0.5735.199)
Build info: version: '3.141.59', revision: 'e82be7d358', time: '2018-11-14T08:25:53'
System info: host: 'CMIT-JRILI', ip: '10.200.54.66', os.name: 'Windows 10', os.arch: 'amd64', os.version: '10.0', java.version: '1.8.0_362'
Driver info: com.kms.katalon.selenium.driver.CChromeDriver
Capabilities {acceptInsecureCerts: false, browserName: chrome, browserVersion: 114.0.5735.199, chrome: {chromedriverVersion: 113.0.5672.24 (65f30d4e8051..., userDataDir: C:\Users\J0DEC~1.RIL\AppDat...}, goog:chromeOptions: {debuggerAddress: localhost:63717}, javascriptEnabled: true, networkConnectionEnabled: false, pageLoadStrategy: normal, platform: WINDOWS, platformName: WINDOWS, proxy: Proxy(), setWindowRect: true, strictFileInteractability: false, timeouts: {implicit: 0, pageLoad: 300000, script: 30000}, unhandledPromptBehavior: dismiss and notify, webauthn:extension:credBlob: true, webauthn:extension:largeBlob: true, webauthn:extension:minPinLength: true, webauthn:extension:prf: true, webauthn:virtualAuthenticators: true}
Session ID: 8096cb0034c7e142ae2827bf41968ad3
*** Element info: {Using=xpath, value=//a[@id='WelcomeLabel']}
	at org.openqa.selenium.remote.http.W3CHttpResponseCodec.createException(W3CHttpResponseCodec.java:187)
	at org.openqa.selenium.remote.http.W3CHttpResponseCodec.decode(W3CHttpResponseCodec.java:122)
	at org.openqa.selenium.remote.http.W3CHttpResponseCodec.decode(W3CHttpResponseCodec.java:49)
	at org.openqa.selenium.remote.HttpCommandExecutor.execute(HttpCommandExecutor.java:158)
	at org.openqa.selenium.remote.service.DriverCommandExecutor.execute(DriverCommandExecutor.java:83)
	at org.openqa.selenium.remote.RemoteWebDriver.execute(RemoteWebDriver.java:552)
	at com.kms.katalon.selenium.driver.CChromeDriver.execute(CChromeDriver.java:19)
	at org.openqa.selenium.remote.RemoteWebDriver.findElements(RemoteWebDriver.java:353)
	at org.openqa.selenium.remote.RemoteWebDriver.findElementsByXPath(RemoteWebDriver.java:432)
	at org.openqa.selenium.By$ByXPath.findElements(By.java:348)
	at org.openqa.selenium.remote.RemoteWebDriver.findElements(RemoteWebDriver.java:311)
	at org.openqa.selenium.support.events.EventFiringWebDriver.lambda$new$1(EventFiringWebDriver.java:105)
	at com.sun.proxy.$Proxy10.findElements(Unknown Source)
	at org.openqa.selenium.support.events.EventFiringWebDriver.findElements(EventFiringWebDriver.java:182)
	at com.kms.katalon.core.webui.common.WebUiCommonHelper.findElementByNormalMethods(WebUiCommonHelper.java:1027)
	at com.kms.katalon.core.webui.common.WebUiCommonHelper.findElementsBySelectedMethod(WebUiCommonHelper.java:919)
	at com.kms.katalon.core.webui.common.WebUiCommonHelper.findElementsBySelectedMethod(WebUiCommonHelper.java:901)
	at com.kms.katalon.core.webui.common.WebUiCommonHelper.findElementsBySelectedMethod(WebUiCommonHelper.java:896)
	at com.kms.katalon.core.webui.common.WebUiCommonHelper.findElementsByDefault(WebUiCommonHelper.java:892)
	at com.kms.katalon.core.webui.common.WebUiCommonHelper.findElementsWithSelfHealing(WebUiCommonHelper.java:737)
	at com.kms.katalon.core.webui.common.WebUiCommonHelper.findWebElements(WebUiCommonHelper.java:718)
	at com.kms.katalon.core.webui.common.WebUiCommonHelper.findWebElement(WebUiCommonHelper.java:1376)
	at com.kms.katalon.core.webui.keyword.internal.WebUIAbstractKeyword.findWebElement(WebUIAbstractKeyword.groovy:27)
	at com.kms.katalon.core.webui.keyword.builtin.ClickKeyword$_click_closure1.doCall(ClickKeyword.groovy:65)
	at com.kms.katalon.core.webui.keyword.builtin.ClickKeyword$_click_closure1.call(ClickKeyword.groovy)
	at com.kms.katalon.core.webui.keyword.internal.WebUIKeywordMain.runKeyword(WebUIKeywordMain.groovy:20)
	at com.kms.katalon.core.webui.keyword.builtin.ClickKeyword.click(ClickKeyword.groovy:74)
	at com.kms.katalon.core.webui.keyword.builtin.ClickKeyword.execute(ClickKeyword.groovy:40)
	at com.kms.katalon.core.keyword.internal.KeywordExecutor.executeKeywordForPlatform(KeywordExecutor.groovy:74)
	at com.kms.katalon.core.webui.keyword.WebUiBuiltInKeywords.click(WebUiBuiltInKeywords.groovy:620)
	at com.kms.katalon.core.webui.keyword.WebUiBuiltInKeywords$click$4.call(Unknown Source)
	at Script1688447477753.run(Script1688447477753.groovy:21)
	... 16 more
)]]></system-out>
         <system-err><![CDATA[2023-07-04 16:16:49 - [TEST_CASE][FAILED] - Test Cases/In and Out/Logout: Test Cases/In and Out/Logout FAILED.
Reason:
com.kms.katalon.core.exception.StepFailedException: Unable to click on object 'Object Repository/Logout/Page_CARD, Inc. Computerized Accounting System/a_Welcome  RILI                        Admi_b75451'
	at com.kms.katalon.core.webui.keyword.internal.WebUIKeywordMain.stepFailed(WebUIKeywordMain.groovy:64)
	at com.kms.katalon.core.webui.keyword.internal.WebUIKeywordMain.runKeyword(WebUIKeywordMain.groovy:26)
	at com.kms.katalon.core.webui.keyword.builtin.ClickKeyword.click(ClickKeyword.groovy:74)
	at com.kms.katalon.core.webui.keyword.builtin.ClickKeyword.execute(ClickKeyword.groovy:40)
	at com.kms.katalon.core.keyword.internal.KeywordExecutor.executeKeywordForPlatform(KeywordExecutor.groovy:74)
	at com.kms.katalon.core.webui.keyword.WebUiBuiltInKeywords.click(WebUiBuiltInKeywords.groovy:620)
	at com.kms.katalon.core.webui.keyword.WebUiBuiltInKeywords$click$4.call(Unknown Source)
	at Logout.run(Logout:21)
	at com.kms.katalon.core.main.ScriptEngine.run(ScriptEngine.java:194)
	at com.kms.katalon.core.main.ScriptEngine.runScriptAsRawText(ScriptEngine.java:119)
	at com.kms.katalon.core.main.TestCaseExecutor.runScript(TestCaseExecutor.java:448)
	at com.kms.katalon.core.main.TestCaseExecutor.doExecute(TestCaseExecutor.java:439)
	at com.kms.katalon.core.main.TestCaseExecutor.processExecutionPhase(TestCaseExecutor.java:418)
	at com.kms.katalon.core.main.TestCaseExecutor.accessMainPhase(TestCaseExecutor.java:410)
	at com.kms.katalon.core.main.TestCaseExecutor.execute(TestCaseExecutor.java:285)
	at com.kms.katalon.core.main.TestCaseExecutor.execute(TestCaseExecutor.java:369)
	at com.kms.katalon.core.main.TestCaseExecutor.execute(TestCaseExecutor.java:369)
	at com.kms.katalon.core.main.TestCaseExecutor.execute(TestCaseExecutor.java:369)
	at com.kms.katalon.core.common.CommonExecutor.accessTestCaseMainPhase(CommonExecutor.java:65)
	at com.kms.katalon.core.main.TestSuiteExecutor.accessTestSuiteMainPhase(TestSuiteExecutor.java:148)
	at com.kms.katalon.core.main.TestSuiteExecutor.execute(TestSuiteExecutor.java:106)
	at com.kms.katalon.core.main.TestCaseMain.startTestSuite(TestCaseMain.java:187)
	at com.kms.katalon.core.main.TestCaseMain$startTestSuite$0.call(Unknown Source)
	at TempTestSuite1688458409201.run(TempTestSuite1688458409201.groovy:36)
Caused by: org.openqa.selenium.NoSuchWindowException: no such window: target window already closed
from unknown error: web view not found
  (Session info: chrome=114.0.5735.199)
Build info: version: '3.141.59', revision: 'e82be7d358', time: '2018-11-14T08:25:53'
System info: host: 'CMIT-JRILI', ip: '10.200.54.66', os.name: 'Windows 10', os.arch: 'amd64', os.version: '10.0', java.version: '1.8.0_362'
Driver info: com.kms.katalon.selenium.driver.CChromeDriver
Capabilities {acceptInsecureCerts: false, browserName: chrome, browserVersion: 114.0.5735.199, chrome: {chromedriverVersion: 113.0.5672.24 (65f30d4e8051..., userDataDir: C:\Users\J0DEC~1.RIL\AppDat...}, goog:chromeOptions: {debuggerAddress: localhost:63717}, javascriptEnabled: true, networkConnectionEnabled: false, pageLoadStrategy: normal, platform: WINDOWS, platformName: WINDOWS, proxy: Proxy(), setWindowRect: true, strictFileInteractability: false, timeouts: {implicit: 0, pageLoad: 300000, script: 30000}, unhandledPromptBehavior: dismiss and notify, webauthn:extension:credBlob: true, webauthn:extension:largeBlob: true, webauthn:extension:minPinLength: true, webauthn:extension:prf: true, webauthn:virtualAuthenticators: true}
Session ID: 8096cb0034c7e142ae2827bf41968ad3
*** Element info: {Using=xpath, value=//a[@id='WelcomeLabel']}
	at org.openqa.selenium.remote.http.W3CHttpResponseCodec.createException(W3CHttpResponseCodec.java:187)
	at org.openqa.selenium.remote.http.W3CHttpResponseCodec.decode(W3CHttpResponseCodec.java:122)
	at org.openqa.selenium.remote.http.W3CHttpResponseCodec.decode(W3CHttpResponseCodec.java:49)
	at org.openqa.selenium.remote.HttpCommandExecutor.execute(HttpCommandExecutor.java:158)
	at org.openqa.selenium.remote.service.DriverCommandExecutor.execute(DriverCommandExecutor.java:83)
	at org.openqa.selenium.remote.RemoteWebDriver.execute(RemoteWebDriver.java:552)
	at com.kms.katalon.selenium.driver.CChromeDriver.execute(CChromeDriver.java:19)
	at org.openqa.selenium.remote.RemoteWebDriver.findElements(RemoteWebDriver.java:353)
	at org.openqa.selenium.remote.RemoteWebDriver.findElementsByXPath(RemoteWebDriver.java:432)
	at org.openqa.selenium.By$ByXPath.findElements(By.java:348)
	at org.openqa.selenium.remote.RemoteWebDriver.findElements(RemoteWebDriver.java:311)
	at org.openqa.selenium.support.events.EventFiringWebDriver.lambda$new$1(EventFiringWebDriver.java:105)
	at com.sun.proxy.$Proxy10.findElements(Unknown Source)
	at org.openqa.selenium.support.events.EventFiringWebDriver.findElements(EventFiringWebDriver.java:182)
	at com.kms.katalon.core.webui.common.WebUiCommonHelper.findElementByNormalMethods(WebUiCommonHelper.java:1027)
	at com.kms.katalon.core.webui.common.WebUiCommonHelper.findElementsBySelectedMethod(WebUiCommonHelper.java:919)
	at com.kms.katalon.core.webui.common.WebUiCommonHelper.findElementsBySelectedMethod(WebUiCommonHelper.java:901)
	at com.kms.katalon.core.webui.common.WebUiCommonHelper.findElementsBySelectedMethod(WebUiCommonHelper.java:896)
	at com.kms.katalon.core.webui.common.WebUiCommonHelper.findElementsByDefault(WebUiCommonHelper.java:892)
	at com.kms.katalon.core.webui.common.WebUiCommonHelper.findElementsWithSelfHealing(WebUiCommonHelper.java:737)
	at com.kms.katalon.core.webui.common.WebUiCommonHelper.findWebElements(WebUiCommonHelper.java:718)
	at com.kms.katalon.core.webui.common.WebUiCommonHelper.findWebElement(WebUiCommonHelper.java:1376)
	at com.kms.katalon.core.webui.keyword.internal.WebUIAbstractKeyword.findWebElement(WebUIAbstractKeyword.groovy:27)
	at com.kms.katalon.core.webui.keyword.builtin.ClickKeyword$_click_closure1.doCall(ClickKeyword.groovy:65)
	at com.kms.katalon.core.webui.keyword.builtin.ClickKeyword$_click_closure1.call(ClickKeyword.groovy)
	at com.kms.katalon.core.webui.keyword.internal.WebUIKeywordMain.runKeyword(WebUIKeywordMain.groovy:20)
	... 22 more]]></system-err>
      </testcase>
      <system-out><![CDATA[2023-07-04 16:13:31 - [TEST_SUITE][FAILED] - CAS Report: Test Cases/Book of Account/General Journal FAILED.
Reason:
com.kms.katalon.core.exception.StepFailedException: Unable to click on object 'Object Repository/General Journal/Page_CARD, Inc. Computerized Accounting System/a_General Journal'
	at com.kms.katalon.core.webui.keyword.internal.WebUIKeywordMain.stepFailed(WebUIKeywordMain.groovy:64)
	at com.kms.katalon.core.webui.keyword.internal.WebUIKeywordMain.runKeyword(WebUIKeywordMain.groovy:26)
	at com.kms.katalon.core.webui.keyword.builtin.ClickKeyword.click(ClickKeyword.groovy:74)
	at com.kms.katalon.core.webui.keyword.builtin.ClickKeyword.execute(ClickKeyword.groovy:40)
	at com.kms.katalon.core.keyword.internal.KeywordExecutor.executeKeywordForPlatform(KeywordExecutor.groovy:74)
	at com.kms.katalon.core.webui.keyword.WebUiBuiltInKeywords.click(WebUiBuiltInKeywords.groovy:620)
	at com.kms.katalon.core.webui.keyword.WebUiBuiltInKeywords$click$4.call(Unknown Source)
	at General Journal.run(General Journal:26)
	at com.kms.katalon.core.main.ScriptEngine.run(ScriptEngine.java:194)
	at com.kms.katalon.core.main.ScriptEngine.runScriptAsRawText(ScriptEngine.java:119)
	at com.kms.katalon.core.main.TestCaseExecutor.runScript(TestCaseExecutor.java:448)
	at com.kms.katalon.core.main.TestCaseExecutor.doExecute(TestCaseExecutor.java:439)
	at com.kms.katalon.core.main.TestCaseExecutor.processExecutionPhase(TestCaseExecutor.java:418)
	at com.kms.katalon.core.main.TestCaseExecutor.accessMainPhase(TestCaseExecutor.java:410)
	at com.kms.katalon.core.main.TestCaseExecutor.execute(TestCaseExecutor.java:285)
	at com.kms.katalon.core.common.CommonExecutor.accessTestCaseMainPhase(CommonExecutor.java:65)
	at com.kms.katalon.core.main.TestSuiteExecutor.accessTestSuiteMainPhase(TestSuiteExecutor.java:148)
	at com.kms.katalon.core.main.TestSuiteExecutor.execute(TestSuiteExecutor.java:106)
	at com.kms.katalon.core.main.TestCaseMain.startTestSuite(TestCaseMain.java:187)
	at com.kms.katalon.core.main.TestCaseMain$startTestSuite$0.call(Unknown Source)
	at TempTestSuite1688458409201.run(TempTestSuite1688458409201.groovy:36)
Caused by: org.openqa.selenium.ElementNotInteractableException: element not interactable
  (Session info: chrome=114.0.5735.199)
Build info: version: '3.141.59', revision: 'e82be7d358', time: '2018-11-14T08:25:53'
System info: host: 'CMIT-JRILI', ip: '10.200.54.66', os.name: 'Windows 10', os.arch: 'amd64', os.version: '10.0', java.version: '1.8.0_362'
Driver info: com.kms.katalon.selenium.driver.CChromeDriver
Capabilities {acceptInsecureCerts: false, browserName: chrome, browserVersion: 114.0.5735.199, chrome: {chromedriverVersion: 113.0.5672.24 (65f30d4e8051..., userDataDir: C:\Users\J0DEC~1.RIL\AppDat...}, goog:chromeOptions: {debuggerAddress: localhost:63717}, javascriptEnabled: true, networkConnectionEnabled: false, pageLoadStrategy: normal, platform: WINDOWS, platformName: WINDOWS, proxy: Proxy(), setWindowRect: true, strictFileInteractability: false, timeouts: {implicit: 0, pageLoad: 300000, script: 30000}, unhandledPromptBehavior: dismiss and notify, webauthn:extension:credBlob: true, webauthn:extension:largeBlob: true, webauthn:extension:minPinLength: true, webauthn:extension:prf: true, webauthn:virtualAuthenticators: true}
Session ID: 8096cb0034c7e142ae2827bf41968ad3
	at org.openqa.selenium.remote.http.W3CHttpResponseCodec.createException(W3CHttpResponseCodec.java:187)
	at org.openqa.selenium.remote.http.W3CHttpResponseCodec.decode(W3CHttpResponseCodec.java:122)
	at org.openqa.selenium.remote.http.W3CHttpResponseCodec.decode(W3CHttpResponseCodec.java:49)
	at org.openqa.selenium.remote.HttpCommandExecutor.execute(HttpCommandExecutor.java:158)
	at org.openqa.selenium.remote.service.DriverCommandExecutor.execute(DriverCommandExecutor.java:83)
	at org.openqa.selenium.remote.RemoteWebDriver.execute(RemoteWebDriver.java:552)
	at com.kms.katalon.selenium.driver.CChromeDriver.execute(CChromeDriver.java:19)
	at org.openqa.selenium.remote.RemoteWebElement.execute(RemoteWebElement.java:285)
	at org.openqa.selenium.remote.RemoteWebElement.click(RemoteWebElement.java:84)
	at org.openqa.selenium.support.events.EventFiringWebDriver$EventFiringWebElement.lambda$new$0(EventFiringWebDriver.java:404)
	at com.sun.proxy.$Proxy11.click(Unknown Source)
	at org.openqa.selenium.support.events.EventFiringWebDriver$EventFiringWebElement.click(EventFiringWebDriver.java:417)
	at org.openqa.selenium.WebElement$click.call(Unknown Source)
	at com.kms.katalon.core.webui.keyword.builtin.ClickKeyword.clickUntilSuccessWithTimeout(ClickKeyword.groovy:81)
	at com.kms.katalon.core.webui.keyword.builtin.ClickKeyword.clickUntilSuccessWithTimeout(ClickKeyword.groovy)
	at com.kms.katalon.core.webui.keyword.builtin.ClickKeyword$_click_closure1.doCall(ClickKeyword.groovy:67)
	at com.kms.katalon.core.webui.keyword.builtin.ClickKeyword$_click_closure1.call(ClickKeyword.groovy)
	at com.kms.katalon.core.webui.keyword.internal.WebUIKeywordMain.runKeyword(WebUIKeywordMain.groovy:20)
	... 19 more]]></system-out>
      <system-err><![CDATA[2023-07-04 16:13:31 - [TEST_SUITE][FAILED] - CAS Report: Test Cases/Book of Account/General Journal FAILED.
Reason:
com.kms.katalon.core.exception.StepFailedException: Unable to click on object 'Object Repository/General Journal/Page_CARD, Inc. Computerized Accounting System/a_General Journal'
	at com.kms.katalon.core.webui.keyword.internal.WebUIKeywordMain.stepFailed(WebUIKeywordMain.groovy:64)
	at com.kms.katalon.core.webui.keyword.internal.WebUIKeywordMain.runKeyword(WebUIKeywordMain.groovy:26)
	at com.kms.katalon.core.webui.keyword.builtin.ClickKeyword.click(ClickKeyword.groovy:74)
	at com.kms.katalon.core.webui.keyword.builtin.ClickKeyword.execute(ClickKeyword.groovy:40)
	at com.kms.katalon.core.keyword.internal.KeywordExecutor.executeKeywordForPlatform(KeywordExecutor.groovy:74)
	at com.kms.katalon.core.webui.keyword.WebUiBuiltInKeywords.click(WebUiBuiltInKeywords.groovy:620)
	at com.kms.katalon.core.webui.keyword.WebUiBuiltInKeywords$click$4.call(Unknown Source)
	at General Journal.run(General Journal:26)
	at com.kms.katalon.core.main.ScriptEngine.run(ScriptEngine.java:194)
	at com.kms.katalon.core.main.ScriptEngine.runScriptAsRawText(ScriptEngine.java:119)
	at com.kms.katalon.core.main.TestCaseExecutor.runScript(TestCaseExecutor.java:448)
	at com.kms.katalon.core.main.TestCaseExecutor.doExecute(TestCaseExecutor.java:439)
	at com.kms.katalon.core.main.TestCaseExecutor.processExecutionPhase(TestCaseExecutor.java:418)
	at com.kms.katalon.core.main.TestCaseExecutor.accessMainPhase(TestCaseExecutor.java:410)
	at com.kms.katalon.core.main.TestCaseExecutor.execute(TestCaseExecutor.java:285)
	at com.kms.katalon.core.common.CommonExecutor.accessTestCaseMainPhase(CommonExecutor.java:65)
	at com.kms.katalon.core.main.TestSuiteExecutor.accessTestSuiteMainPhase(TestSuiteExecutor.java:148)
	at com.kms.katalon.core.main.TestSuiteExecutor.execute(TestSuiteExecutor.java:106)
	at com.kms.katalon.core.main.TestCaseMain.startTestSuite(TestCaseMain.java:187)
	at com.kms.katalon.core.main.TestCaseMain$startTestSuite$0.call(Unknown Source)
	at TempTestSuite1688458409201.run(TempTestSuite1688458409201.groovy:36)
Caused by: org.openqa.selenium.ElementNotInteractableException: element not interactable
  (Session info: chrome=114.0.5735.199)
Build info: version: '3.141.59', revision: 'e82be7d358', time: '2018-11-14T08:25:53'
System info: host: 'CMIT-JRILI', ip: '10.200.54.66', os.name: 'Windows 10', os.arch: 'amd64', os.version: '10.0', java.version: '1.8.0_362'
Driver info: com.kms.katalon.selenium.driver.CChromeDriver
Capabilities {acceptInsecureCerts: false, browserName: chrome, browserVersion: 114.0.5735.199, chrome: {chromedriverVersion: 113.0.5672.24 (65f30d4e8051..., userDataDir: C:\Users\J0DEC~1.RIL\AppDat...}, goog:chromeOptions: {debuggerAddress: localhost:63717}, javascriptEnabled: true, networkConnectionEnabled: false, pageLoadStrategy: normal, platform: WINDOWS, platformName: WINDOWS, proxy: Proxy(), setWindowRect: true, strictFileInteractability: false, timeouts: {implicit: 0, pageLoad: 300000, script: 30000}, unhandledPromptBehavior: dismiss and notify, webauthn:extension:credBlob: true, webauthn:extension:largeBlob: true, webauthn:extension:minPinLength: true, webauthn:extension:prf: true, webauthn:virtualAuthenticators: true}
Session ID: 8096cb0034c7e142ae2827bf41968ad3
	at org.openqa.selenium.remote.http.W3CHttpResponseCodec.createException(W3CHttpResponseCodec.java:187)
	at org.openqa.selenium.remote.http.W3CHttpResponseCodec.decode(W3CHttpResponseCodec.java:122)
	at org.openqa.selenium.remote.http.W3CHttpResponseCodec.decode(W3CHttpResponseCodec.java:49)
	at org.openqa.selenium.remote.HttpCommandExecutor.execute(HttpCommandExecutor.java:158)
	at org.openqa.selenium.remote.service.DriverCommandExecutor.execute(DriverCommandExecutor.java:83)
	at org.openqa.selenium.remote.RemoteWebDriver.execute(RemoteWebDriver.java:552)
	at com.kms.katalon.selenium.driver.CChromeDriver.execute(CChromeDriver.java:19)
	at org.openqa.selenium.remote.RemoteWebElement.execute(RemoteWebElement.java:285)
	at org.openqa.selenium.remote.RemoteWebElement.click(RemoteWebElement.java:84)
	at org.openqa.selenium.support.events.EventFiringWebDriver$EventFiringWebElement.lambda$new$0(EventFiringWebDriver.java:404)
	at com.sun.proxy.$Proxy11.click(Unknown Source)
	at org.openqa.selenium.support.events.EventFiringWebDriver$EventFiringWebElement.click(EventFiringWebDriver.java:417)
	at org.openqa.selenium.WebElement$click.call(Unknown Source)
	at com.kms.katalon.core.webui.keyword.builtin.ClickKeyword.clickUntilSuccessWithTimeout(ClickKeyword.groovy:81)
	at com.kms.katalon.core.webui.keyword.builtin.ClickKeyword.clickUntilSuccessWithTimeout(ClickKeyword.groovy)
	at com.kms.katalon.core.webui.keyword.builtin.ClickKeyword$_click_closure1.doCall(ClickKeyword.groovy:67)
	at com.kms.katalon.core.webui.keyword.builtin.ClickKeyword$_click_closure1.call(ClickKeyword.groovy)
	at com.kms.katalon.core.webui.keyword.internal.WebUIKeywordMain.runKeyword(WebUIKeywordMain.groovy:20)
	... 19 more]]></system-err>
   </testsuite>
</testsuites>
